[2023-07-05 19:39:52]-[app] INFO: username: りん
[2023-07-05 19:40:40]-[app] INFO: username: りん
[2023-07-05 19:41:31]-[app] INFO: username: りん
[2023-07-05 19:47:04]-[app] INFO: username: {     "username": "りん",     "email": "exam@exam.com",     "password": "password" }
[2023-07-05 19:52:14]-[app] INFO: username: {     "username": "りん",     "email": "exam@exam.com",     "password": "password" }
[2023-07-05 19:57:01]-[app] INFO: username: {     "username": "りん",     "email": "exam@exam.com",     "password": "password" }
[2023-07-05 19:57:08]-[app] INFO: username: {     "username": "りん2",     "email": "exam2@exam.com",     "password": "password" }
[2023-07-05 19:58:22]-[app] INFO: username: {     "username": "りん3",     "email": "exam3@exam.com",     "password": "password" }
[2023-07-05 20:00:36]-[app] INFO: username: {     "username": "りん3",     "email": "exam3@exam.com",     "password": "password" }
[2023-07-05 20:12:42]-[app] INFO: username: {     "username": "りん4",     "email": "exam4@exam.com",     "password": "password" }
[2023-07-06 09:50:34]-[app] INFO: username: {"name":"山田太郎","email":"user@example.com","password":"aaaaaaaa"}
[2023-07-06 09:51:00]-[app] INFO: username: {"name":"山田太郎","email":"aaaaaaaa","password":"aaaaaaaa"}
[2023-07-06 09:51:45]-[app] INFO: username: {"name":"山田太郎2","email":"exam4@example.com","password":"aaaaaaaa"}
[2023-07-06 09:55:52]-[app] INFO: username: {"username":"山田太郎3","email":"exam5@example.com","password":"aaaaaaaa"}
[2023-07-06 09:59:49]-[app] INFO: username: {"username":"山田太郎3","email":"exam5@example.com","password":"aaaaaaaa"}
[2023-07-06 10:06:15]-[app] INFO: username: {"username":"山田太郎4","email":"exam6@example.com","password":"aaaaaaaa"}
[2023-07-06 14:15:47]-[app] INFO: username: {     "username": "りん4",     "email": "exam4@exam.com",     "password": "password" }
[2023-07-06 14:34:22]-[app] INFO: username: {     "username": "りん6",     "email": "exam6@exam.com",     "password": "password" }
[2023-07-06 15:04:32]-[app] INFO: username: {     "username": "りん7",     "email": "exam7@exam.com",     "password": "password" }
[2023-07-06 15:22:43]-[app] INFO: username: {     "username": "りん8",     "email": "exam8@exam.com",     "password": "password" }
[2023-07-06 15:32:34]-[app] INFO: username: {     "username": "りん9",     "email": "exam9@exam.com",     "password": "password" }
[2023-07-06 15:35:03]-[app] INFO: username: {     "username": "りん10",     "email": "exam10@exam.com",     "password": "password" }
[2023-07-06 15:43:24]-[app] INFO: username: {     "username": "りん11",     "email": "exam11@exam.com",     "password": "password" }
[2023-07-06 15:44:14]-[app] INFO: username: {     "username": "りん12",     "email": "exam12@exam.com",     "password": "password" }
[2023-07-06 15:46:36]-[app] INFO: 送信開始
[2023-07-06 15:47:19]-[app] INFO: 送信開始
[2023-07-06 15:47:19]-[app] INFO: SMTP設定完了
[2023-07-06 15:48:03]-[app] INFO: 送信開始
[2023-07-06 15:48:03]-[app] INFO: SMTP設定完了
[2023-07-06 15:48:03]-[app] INFO: 受信者設定完了
[2023-07-06 15:48:27]-[app] INFO: 送信開始
[2023-07-06 15:48:27]-[app] INFO: SMTP設定完了
[2023-07-06 15:48:27]-[app] INFO: 受信者設定完了
[2023-07-06 15:49:58]-[app] INFO: 送信開始
[2023-07-06 15:49:58]-[app] INFO: SMTP設定完了
[2023-07-06 15:51:16]-[app] INFO: 送信開始
[2023-07-06 15:51:16]-[app] INFO: SMTP設定完了
[2023-07-06 15:51:16]-[app] INFO: 受信者設定完了
[2023-07-06 15:53:49]-[app] INFO: 送信開始
[2023-07-06 15:53:49]-[app] INFO: 受信者設定完了
[2023-07-06 16:43:21]-[app] INFO: 送信開始
[2023-07-06 16:43:21]-[app] INFO: 受信者設定完了
[2023-07-06 16:45:44]-[app] INFO: 送信開始
[2023-07-06 16:45:44]-[app] INFO: 受信者設定完了
[2023-07-06 16:46:33]-[app] INFO: 送信開始
[2023-07-06 16:46:33]-[app] INFO: 受信者設定完了
[2023-07-06 16:48:30]-[app] INFO: 送信開始
[2023-07-06 16:48:30]-[app] INFO: 受信者設定完了
[2023-07-06 16:48:34]-[app] INFO: 送信完了
[2023-07-06 16:49:30]-[app] INFO: 送信開始
[2023-07-06 16:49:30]-[app] INFO: 受信者設定完了
[2023-07-06 16:49:34]-[app] INFO: 送信完了
[2023-07-07 11:23:14]-[app] INFO: 送信開始しました
[2023-07-07 11:23:17]-[app] INFO: 送信完了
[2023-07-07 11:32:53]-[app] INFO: 送信開始しました
[2023-07-07 11:32:56]-[app] INFO: 送信完了
[2023-07-07 11:33:26]-[app] INFO: 送信開始しました
[2023-07-07 11:33:29]-[app] INFO: 送信完了
[2023-07-07 12:04:18]-[app] INFO: 送信開始しました
[2023-07-07 12:04:21]-[app] INFO: 送信完了
[2023-07-07 12:05:54]-[app] INFO: user: {"username":"10","password":"aaaaaaaa","email":"10@example.com","id":"99961752-40e4-4092-a5b0-3d12ae75965a"}
[2023-07-07 12:05:54]-[app] INFO: 送信開始しました
[2023-07-07 12:05:57]-[app] INFO: 送信完了
[2023-07-07 12:07:36]-[app] INFO: 送信開始しました
[2023-07-07 12:07:40]-[app] INFO: 送信完了
[2023-07-07 12:09:45]-[app] INFO: 送信開始しました
[2023-07-07 12:09:49]-[app] INFO: 送信完了
[2023-07-07 12:11:26]-[app] INFO: 送信開始しました
[2023-07-07 12:11:30]-[app] INFO: 送信完了
[2023-07-07 12:12:33]-[app] INFO: 送信開始しました
[2023-07-07 12:12:37]-[app] INFO: 送信完了
[2023-07-07 12:12:37]-[app] INFO: username: 999619b4-292a-404d-866f-aa97b242bb88
[2023-07-07 12:14:13]-[app] INFO: 送信開始しました
[2023-07-07 12:14:16]-[app] INFO: 送信完了
[2023-07-07 12:14:16]-[app] INFO: userid: 99961a4b-6bc5-44f4-987a-0d8bf2d2d363
[2023-07-07 12:14:51]-[app] INFO: 送信開始しました
[2023-07-07 12:14:55]-[app] INFO: 送信完了
[2023-07-07 12:14:55]-[app] INFO: userid: 99961a86-64f5-4afa-b7d0-9dec25fd5ea9
[2023-07-07 12:16:17]-[app] INFO: 送信開始しました
[2023-07-07 12:16:21]-[app] INFO: 送信完了
[2023-07-07 12:16:21]-[app] INFO: userid: 99961b09-f194-4e1d-a638-efd8cda6e91f
[2023-07-07 12:17:12]-[app] INFO: 送信開始しました
[2023-07-07 12:17:15]-[app] INFO: 送信完了
[2023-07-07 12:17:15]-[app] INFO: userid: 99961b5c-d3c3-4593-a99b-3d8c3663a103
[2023-07-07 12:20:21]-[app] INFO: 送信開始しました
[2023-07-07 12:20:25]-[app] INFO: 送信完了
[2023-07-07 12:20:25]-[app] INFO: newEmailVerifications作成開始
[2023-07-07 14:19:42]-[app] INFO: 送信開始しました
[2023-07-07 14:19:45]-[app] INFO: 送信完了
[2023-07-07 14:19:45]-[app] INFO: newEmailVerifications作成開始
[2023-07-07 14:19:45]-[app] INFO: newEmailVerification:
[2023-07-07 14:27:43]-[app] INFO: 送信開始しました
[2023-07-07 14:27:46]-[app] INFO: 送信完了
[2023-07-07 14:27:46]-[app] INFO: 新規EmailVerifications作成を開始
[2023-07-07 14:27:46]-[app] INFO: 新規EmailVerificationを作成: {"user_id":"99964a09-f253-439f-890d-3935cc8596cf","token":"e0c2f0fc100413fc4c2ebe6ce10da285bdbe8eabdf08f02cbafd41ca12d03f10","id":"99964a0e-ed3a-4870-b27e-4bc90055e80f","created_at":"2023-07-07T05:27:46.000000Z"}
[2023-07-07 15:26:27]-[app] INFO: 送信開始しました
[2023-07-07 15:26:30]-[app] INFO: 送信完了
[2023-07-07 15:26:30]-[app] INFO: 新規EmailVerifications作成を開始
[2023-07-07 15:26:30]-[app] INFO: 新規EmailVerificationを作成: {"user_id":"99965f0b-163c-44a8-954a-8ebf4c77a6cb","token":"3aa6205c6cfe4ce41de3b64f063b930dfcc4313a59a8aa5513c520416fcb2053","id":"99965f10-7ff4-4544-a0af-2e6fd524f873","created_at":"2023-07-07T06:26:30.000000Z"}
[2023-07-07 15:29:19]-[app] INFO: 送信開始しました
[2023-07-07 15:29:22]-[app] INFO: 送信完了
[2023-07-07 15:29:22]-[app] INFO: 新規EmailVerifications作成を開始
[2023-07-07 15:29:22]-[app] INFO: 新規EmailVerificationを作成: {"user_id":"99966011-ff9d-4432-b20b-f0bbcb286862","token":"2366d3fdf745b92fe5dc0dc75b770c8bac8f3057c7f696b2d82ec710da1e6ff6","id":"99966016-db0f-4a2f-a776-ebe87469e060","created_at":"2023-07-07T06:29:22.000000Z"}
[2023-07-07 15:30:32]-[app] INFO: 送信開始しました
[2023-07-07 15:30:36]-[app] INFO: 送信完了
[2023-07-07 15:30:36]-[app] INFO: 新規EmailVerifications作成を開始
[2023-07-07 15:30:36]-[app] INFO: 新規EmailVerificationを作成: {"user_id":"99966081-7290-4ca8-ab01-17755e8fe85f","token":"483a801a48b346f7a88d2c5d2f966ce41f537a33c4eb49d8ab5914657ef7f157","id":"99966087-0a20-41bc-b967-0ebe7c46efc5","created_at":"2023-07-07T06:30:36.000000Z"}
[2023-07-07 15:34:04]-[app] INFO: 送信開始しました
[2023-07-07 15:34:07]-[app] INFO: 送信完了
[2023-07-07 15:34:07]-[app] INFO: 新規EmailVerifications作成を開始
[2023-07-07 15:34:07]-[app] INFO: 新規EmailVerificationを作成: {"user_id":"999661c4-d72a-48af-8e89-e92017bef52e","token":"888d18d224f2113f4959c997ac8c35533baa2cc519c7b87d30aeab69f9ce7a57","id":"999661c9-d85b-4b8d-a293-6ca261a7a411","created_at":"2023-07-07T06:34:07.000000Z"}
[2023-07-07 15:39:03]-[app] INFO: 送信開始しました
[2023-07-07 15:39:07]-[app] INFO: 送信完了
[2023-07-07 15:39:07]-[app] INFO: 新規EmailVerifications作成を開始
[2023-07-07 15:39:07]-[app] INFO: 新規EmailVerificationを作成: {"user_id":"9996638d-1e1b-4e9d-9773-29e90dc525b1","token":"4ac2b5087c6a75d4a5157e24775e783b94f7e1ec22769ea2147538c619fe2129","id":"99966392-d667-4ec7-8cb3-7f0c0ec72428","created_at":"2023-07-07T06:39:07.000000Z"}
[2023-07-07 15:50:46]-[app] INFO: 送信開始しました
[2023-07-07 15:50:50]-[app] INFO: 送信完了
[2023-07-07 15:50:50]-[app] INFO: 新規EmailVerifications作成を開始
[2023-07-07 15:50:50]-[app] INFO: 新規EmailVerificationを作成: {"user_id":"999667be-0dcd-46c7-ae69-ba532c6f79de","token":"3d147a831abfe7e7da2a835452cd2568d122afa38bcf8a8bd304aa1103bd1cfb","id":"999667c4-1db2-46bd-be66-de2e92966efe","created_at":"2023-07-07T06:50:50.000000Z"}
[2023-07-07 16:18:03]-[app] DEBUG: 本登録開始
[2023-07-07 16:18:28]-[app] INFO: 送信開始しました
[2023-07-07 16:18:33]-[app] INFO: 送信完了
[2023-07-07 16:18:33]-[app] INFO: 新規EmailVerifications作成を開始
[2023-07-07 16:18:33]-[app] INFO: 新規EmailVerificationを作成: {"user_id":"999671a6-5b5a-4942-992d-5c655fd83027","token":"b2c37c9c1cfe02d4730e4059ccceffe2226cd2ab83ef2a0b74d1d6305ace1410","id":"999671ad-bbf9-4f4b-82f6-b8c2bd2ce6fd","created_at":"2023-07-07T07:18:33.000000Z"}
[2023-07-07 16:18:46]-[app] DEBUG: 本登録開始
[2023-07-07 16:20:06]-[app] DEBUG: 本登録開始
[2023-07-07 16:20:06]-[app] DEBUG: トークン: b2c37c9c1cfe02d4730e4059ccceffe2226cd2ab83ef2a0b74d1d6305ace1410
